<?xml version="1.0" encoding="UTF-8"?>
<!-- Generated by org.testng.reporters.JUnitReportReporter -->
<testsuite hostname="LAPTOP-9PSLU48T" failures="0" tests="1" name="orgWithContact.OrgWithContactsTest" time="56.007" errors="0" timestamp="2022-09-16T06:11:15 IST" skipped="0">
  <testcase classname="orgWithContact.OrgWithContactsTest" name="CreateContactWithOrg" time="56.007"/>
  <system-out>
    <![CDATA[Organisation link clicked
new Organisation img link clicked
Create Organisation with org name
===ORGANISATION CREATED===
Contact link clicked
new Contacts img link clicked
Contact created with mandatory fields 
========Contact created======
===Vendor created=====
------product is created-----]]>
  </system-out>
</testsuite> <!-- orgWithContact.OrgWithContactsTest -->
